#
# There is insufficient memory for the Java Runtime Environment to continue.
# Native memory allocation (mmap) failed to map 58720256 bytes for G1 virtual space
# Possible reasons:
#   The system is out of physical RAM or swap space
#   The process is running with CompressedOops enabled, and the Java Heap may be blocking the growth of the native heap
# Possible solutions:
#   Reduce memory load on the system
#   Increase physical memory or swap space
#   Check if swap backing store is full
#   Decrease Java heap size (-Xmx/-Xms)
#   Decrease number of Java threads
#   Decrease Java thread stack sizes (-Xss)
#   Set larger code cache with -XX:ReservedCodeCacheSize=
#   JVM is running with Unscaled Compressed Oops mode in which the Java heap is
#     placed in the first 4GB address space. The Java Heap base address is the
#     maximum limit for the native heap growth. Please use -XX:HeapBaseMinAddress
#     to set the Java Heap base and to place the Java Heap above 4GB virtual address.
# This output file may be truncated or incomplete.
#
#  Out of Memory Error (os_windows.cpp:3466), pid=18652, tid=11020
#
# JRE version:  (16.0.2+7) (build )
# Java VM: Java HotSpot(TM) 64-Bit Server VM (16.0.2+7-67, mixed mode, sharing, tiered, compressed oops, compressed class ptrs, g1 gc, windows-amd64)
# No core dump will be written. Minidumps are not enabled by default on client versions of Windows
#

---------------  S U M M A R Y ------------

Command Line: -Dfile.encoding=Cp1252 -XX:+ShowCodeDetailsInExceptionMessages com.canddella.utiliity.SearchBook

Host: AMD Ryzen 3 3300U with Radeon Vega Mobile Gfx  , 4 cores, 3G,  Windows 10 , 64 bit Build 19041 (10.0.19041.1466)
Time: Thu Jan 27 22:02:49 2022 India Standard Time elapsed time: 0.166120 seconds (0d 0h 0m 0s)

---------------  T H R E A D  ---------------

Current thread (0x0000018c56c76320):  JavaThread "Unknown thread" [_thread_in_vm, id=11020, stack(0x0000001d54b00000,0x0000001d54c00000)]

Stack: [0x0000001d54b00000,0x0000001d54c00000]
Native frames: (J=compiled Java code, j=interpreted, Vv=VM code, C=native code)
V  [jvm.dll+0x6681ca]
V  [jvm.dll+0x7c9e69]
V  [jvm.dll+0x7cb61e]
V  [jvm.dll+0x7cbc73]
V  [jvm.dll+0x242c55]
V  [jvm.dll+0x664f89]
V  [jvm.dll+0x659b75]
V  [jvm.dll+0x2fbfbb]
V  [jvm.dll+0x3031b6]
V  [jvm.dll+0x35299e]
V  [jvm.dll+0x352bcf]
V  [jvm.dll+0x2d3028]
V  [jvm.dll+0x2d4264]
V  [jvm.dll+0x79c741]
V  [jvm.dll+0x360791]
V  [jvm.dll+0x77a3f0]
V  [jvm.dll+0x3e4e8f]
V  [jvm.dll+0x3e6961]
C  [jli.dll+0x52fb]
C  [ucrtbase.dll+0x21bb2]
C  [KERNEL32.DLL+0x17034]
C  [ntdll.dll+0x52651]


---------------  P R O C E S S  ---------------

Threads class SMR info:
_java_thread_list=0x00007ffb5c9acbb8, length=0, elements={
}

Java Threads: ( => current thread )

Other Threads:
  0x0000018c56ca4b20 GCTaskThread "GC Thread#0" [stack: 0x0000001d54c00000,0x0000001d54d00000] [id=4808]
  0x0000018c56cae0a0 ConcurrentGCThread "G1 Main Marker" [stack: 0x0000001d54d00000,0x0000001d54e00000] [id=1064]
  0x0000018c56caea20 ConcurrentGCThread "G1 Conc#0" [stack: 0x0000001d54e00000,0x0000001d54f00000] [id=16836]

[error occurred during error reporting (printing all threads), id 0xc0000005, EXCEPTION_ACCESS_VIOLATION (0xc0000005) at pc=0x00007ffb5c183ee7]

VM state: not at safepoint (not fully initialized)

VM Mutex/Monitor currently owned by a thread:  ([mutex/lock_event])
[0x0000018c56c73a60] Heap_lock - owner thread: 0x0000018c56c76320

Heap address: 0x00000000c8c00000, size: 884 MB, Compressed Oops mode: 32-bit

CDS archive(s) mapped at: [0x0000000000000000-0x0000000000000000-0x0000000000000000), size 0, SharedBaseAddress: 0x0000000800000000, ArchiveRelocationMode: 0.
Narrow klass base: 0x0000000000000000, Narrow klass shift: 0, Narrow klass range: 0x0

GC Precious Log:
<Empty>

Heap:
 garbage-first heap   total 0K, used 0K [0x00000000c8c00000, 0x0000000100000000)
  region size 1024K, 0 young (0K), 0 survivors (0K)

[error occurred during error reporting (printing heap information), id 0xc0000005, EXCEPTION_ACCESS_VIOLATION (0xc0000005) at pc=0x00007ffb5c561eed]

GC Heap History (0 events):
No events

Deoptimization events (0 events):
No events

Classes unloaded (0 events):
No events

Classes redefined (0 events):
No events

Internal exceptions (0 events):
No events

Events (1 events):
Event: 0.010 Loaded shared library C:\Program Files\Java\jdk-16.0.2\bin\java.dll


Dynamic libraries:
0x00007ff7a9680000 - 0x00007ff7a9690000 	C:\Program Files\Java\jdk-16.0.2\bin\javaw.exe
0x00007ffbb6d10000 - 0x00007ffbb6f05000 	C:\windows\SYSTEM32\ntdll.dll
0x00007ffbb6c10000 - 0x00007ffbb6cce000 	C:\windows\System32\KERNEL32.DLL
0x00007ffbb4470000 - 0x00007ffbb4738000 	C:\windows\System32\KERNELBASE.dll
0x00007ffbb4880000 - 0x00007ffbb4980000 	C:\windows\System32\ucrtbase.dll
0x00007ffba34a0000 - 0x00007ffba34b9000 	C:\Program Files\Java\jdk-16.0.2\bin\VCRUNTIME140.dll
0x00007ffba3290000 - 0x00007ffba32a8000 	C:\Program Files\Java\jdk-16.0.2\bin\jli.dll
0x00007ffbb5fe0000 - 0x00007ffbb608e000 	C:\windows\System32\ADVAPI32.dll
0x00007ffbb5c60000 - 0x00007ffbb5cfe000 	C:\windows\System32\msvcrt.dll
0x00007ffbb59f0000 - 0x00007ffbb5a8c000 	C:\windows\System32\sechost.dll
0x00007ffbb6090000 - 0x00007ffbb61b5000 	C:\windows\System32\RPCRT4.dll
0x00007ffbb6250000 - 0x00007ffbb63f1000 	C:\windows\System32\USER32.dll
0x00007ffbb4740000 - 0x00007ffbb4762000 	C:\windows\System32\win32u.dll
0x00007ffb98f40000 - 0x00007ffb991da000 	C:\windows\WinSxS\amd64_microsoft.windows.common-controls_6595b64144ccf1df_6.0.19041.1110_none_60b5254171f9507e\COMCTL32.dll
0x00007ffbb5760000 - 0x00007ffbb578b000 	C:\windows\System32\GDI32.dll
0x00007ffbb4770000 - 0x00007ffbb487d000 	C:\windows\System32\gdi32full.dll
0x00007ffbb4b50000 - 0x00007ffbb4bed000 	C:\windows\System32\msvcp_win.dll
0x00007ffbaca40000 - 0x00007ffbaca4a000 	C:\windows\SYSTEM32\VERSION.dll
0x00007ffbb6be0000 - 0x00007ffbb6c10000 	C:\windows\System32\IMM32.DLL
0x00007ffba3860000 - 0x00007ffba386c000 	C:\Program Files\Java\jdk-16.0.2\bin\vcruntime140_1.dll
0x00007ffb938a0000 - 0x00007ffb93931000 	C:\Program Files\Java\jdk-16.0.2\bin\msvcp140.dll
0x00007ffb5bea0000 - 0x00007ffb5ca4b000 	C:\Program Files\Java\jdk-16.0.2\bin\server\jvm.dll
0x00007ffbb5f70000 - 0x00007ffbb5f78000 	C:\windows\System32\PSAPI.DLL
0x00007ffb8d1a0000 - 0x00007ffb8d1a9000 	C:\windows\SYSTEM32\WSOCK32.dll
0x00007ffbab530000 - 0x00007ffbab557000 	C:\windows\SYSTEM32\WINMM.dll
0x00007ffbb5980000 - 0x00007ffbb59eb000 	C:\windows\System32\WS2_32.dll
0x00007ffbb2310000 - 0x00007ffbb2322000 	C:\windows\SYSTEM32\kernel.appcore.dll
0x00007ffba33f0000 - 0x00007ffba33fa000 	C:\Program Files\Java\jdk-16.0.2\bin\jimage.dll
0x00007ffb9cc80000 - 0x00007ffb9ce64000 	C:\windows\SYSTEM32\DBGHELP.DLL
0x00007ffb9cbc0000 - 0x00007ffb9cbec000 	C:\windows\SYSTEM32\dbgcore.DLL
0x00007ffbb4a30000 - 0x00007ffbb4ab2000 	C:\windows\System32\bcryptPrimitives.dll
0x00007ffba3220000 - 0x00007ffba3245000 	C:\Program Files\Java\jdk-16.0.2\bin\java.dll

dbghelp: loaded successfully - version: 4.0.5 - missing functions: none
symbol engine: initialized successfully - sym options: 0x614 - pdb path: .;C:\Program Files\Java\jdk-16.0.2\bin;C:\windows\SYSTEM32;C:\windows\WinSxS\amd64_microsoft.windows.common-controls_6595b64144ccf1df_6.0.19041.1110_none_60b5254171f9507e;C:\Program Files\Java\jdk-16.0.2\bin\server

VM Arguments:
jvm_args: -Dfile.encoding=Cp1252 -XX:+ShowCodeDetailsInExceptionMessages 
java_command: com.canddella.utiliity.SearchBook
java_class_path (initial): C:\Users\admin\eclipse-workspace\LibraryManagement\bin;C:\Users\admin\eclipse-workspace\LibraryManagement\lib\c3p0-0.9.0.jar;C:\Users\admin\eclipse-workspace\LibraryManagement\lib\mysql-connector-java-8.0.26.jar;C:\Users\admin\eclipse-workspace\LibraryManagement\lib\jdatepicker-1.3.2.jar;C:\Users\admin\eclipse-workspace\LibraryManagement\lib\itext-5.0.6.jar
Launcher Type: SUN_STANDARD

[Global flags]
     intx CICompilerCount                          = 3                                         {product} {ergonomic}
     uint ConcGCThreads                            = 1                                         {product} {ergonomic}
     uint G1ConcRefinementThreads                  = 4                                         {product} {ergonomic}
   size_t G1HeapRegionSize                         = 1048576                                   {product} {ergonomic}
    uintx GCDrainStackTargetSize                   = 64                                        {product} {ergonomic}
   size_t InitialHeapSize                          = 58720256                                  {product} {ergonomic}
   size_t MarkStackSize                            = 4194304                                   {product} {ergonomic}
   size_t MaxHeapSize                              = 926941184                                 {product} {ergonomic}
   size_t MinHeapDeltaBytes                        = 1048576                                   {product} {ergonomic}
   size_t MinHeapSize                              = 8388608                                   {product} {ergonomic}
    uintx NonNMethodCodeHeapSize                   = 5832780                                {pd product} {ergonomic}
    uintx NonProfiledCodeHeapSize                  = 122912730                              {pd product} {ergonomic}
    uintx ProfiledCodeHeapSize                     = 122912730                              {pd product} {ergonomic}
    uintx ReservedCodeCacheSize                    = 251658240                              {pd product} {ergonomic}
     bool SegmentedCodeCache                       = true                                      {product} {ergonomic}
     bool ShowCodeDetailsInExceptionMessages       = true                                   {manageable} {command line}
   size_t SoftMaxHeapSize                          = 926941184                              {manageable} {ergonomic}
     bool UseCompressedClassPointers               = true                           {product lp64_product} {ergonomic}
     bool UseCompressedOops                        = true                           {product lp64_product} {ergonomic}
     bool UseG1GC                                  = true                                      {product} {ergonomic}
     bool UseLargePagesIndividualAllocation        = false                                  {pd product} {ergonomic}

Logging:
Log output configuration:
 #0: stdout all=warning uptime,level,tags
 #1: stderr all=off uptime,level,tags

Environment Variables:
PATH=C:\Program Files\Common Files\Oracle\Java\javapath;C:\windows\system32;C:\windows;C:\windows\System32\Wbem;C:\windows\System32\WindowsPowerShell\v1.0\;C:\windows\System32\OpenSSH\;C:\Program Files\MySQL\MySQL Shell 8.0\bin\;C:\Users\admin\AppData\Local\Microsoft\WindowsApps;C:\Program Files\Bandizip\
USERNAME=admin
OS=Windows_NT
PROCESSOR_IDENTIFIER=AMD64 Family 23 Model 24 Stepping 1, AuthenticAMD



---------------  S Y S T E M  ---------------

OS:
 Windows 10 , 64 bit Build 19041 (10.0.19041.1466)
OS uptime: 2 days 5:22 hours

CPU: total 4 (initial active 4) (4 cores per cpu, 1 threads per core) family 23 model 24 stepping 1 microcode 0x0, cx8, cmov, fxsr, mmx, 3dnowpref, sse, sse2, sse3, ssse3, sse4a, sse4.1, sse4.2, popcnt, lzcnt, tsc, tscinvbit, avx, avx2, aes, clmul, bmi1, bmi2, adx, sha, fma, vzeroupper, clflush, clflushopt

Memory: 4k page, system-wide physical 3530M (293M free)
TotalPageFile size 14282M (AvailPageFile size 31M)
current process WorkingSet (physical memory assigned to process): 9M, peak: 9M
current process commit charge ("private bytes"): 51M, peak: 107M

vm_info: Java HotSpot(TM) 64-Bit Server VM (16.0.2+7-67) for windows-amd64 JRE (16.0.2+7-67), built on Jun  8 2021 23:24:19 by "mach5one" with MS VC++ 16.7 (VS2019)

END.
